<?xml version="1.0" encoding="UTF-8"?>
<coverage generated="1762880236703" clover="3.2.0">
  <project timestamp="1762880236703" name="All files">
    <metrics statements="45" coveredstatements="18" conditionals="24" coveredconditionals="12" methods="5" coveredmethods="2" elements="74" coveredelements="32" complexity="0" loc="45" ncloc="45" packages="2" files="3" classes="3"/>
    <package name="src">
      <metrics statements="8" coveredstatements="8" conditionals="10" coveredconditionals="10" methods="0" coveredmethods="0"/>
      <file name="db.ts" path="/Users/mik/Documents/2025/desarrollo-software-seguro/Practico2-Seguridad/2025-Desarrollo-Seguro/services/backend/src/db.ts">
        <metrics statements="4" coveredstatements="4" conditionals="0" coveredconditionals="0" methods="0" coveredmethods="0"/>
        <line num="1" count="1" type="stmt"/>
        <line num="2" count="1" type="stmt"/>
        <line num="4" count="1" type="stmt"/>
        <line num="6" count="1" type="stmt"/>
      </file>
      <file name="knexfile.ts" path="/Users/mik/Documents/2025/desarrollo-software-seguro/Practico2-Seguridad/2025-Desarrollo-Seguro/services/backend/src/knexfile.ts">
        <metrics statements="4" coveredstatements="4" conditionals="10" coveredconditionals="10" methods="0" coveredmethods="0"/>
        <line num="3" count="1" type="stmt"/>
        <line num="5" count="1" type="stmt"/>
        <line num="7" count="1" type="stmt"/>
        <line num="26" count="1" type="stmt"/>
      </file>
    </package>
    <package name="src.services">
      <metrics statements="37" coveredstatements="10" conditionals="14" coveredconditionals="2" methods="5" coveredmethods="2"/>
      <file name="invoiceService.ts" path="/Users/mik/Documents/2025/desarrollo-software-seguro/Practico2-Seguridad/2025-Desarrollo-Seguro/services/backend/src/services/invoiceService.ts">
        <metrics statements="37" coveredstatements="10" conditionals="14" coveredconditionals="2" methods="5" coveredmethods="2"/>
        <line num="2" count="1" type="stmt"/>
        <line num="4" count="1" type="stmt"/>
        <line num="5" count="1" type="stmt"/>
        <line num="6" count="1" type="stmt"/>
        <line num="19" count="9" type="stmt"/>
        <line num="20" count="9" type="cond" truecount="2" falsecount="0"/>
        <line num="21" count="9" type="stmt"/>
        <line num="22" count="9" type="stmt"/>
        <line num="29" count="9" type="stmt"/>
        <line num="87" count="0" type="stmt"/>
        <line num="88" count="0" type="cond" truecount="0" falsecount="2"/>
        <line num="89" count="0" type="stmt"/>
        <line num="91" count="0" type="stmt"/>
        <line num="96" count="0" type="stmt"/>
        <line num="97" count="0" type="stmt"/>
        <line num="102" count="0" type="cond" truecount="0" falsecount="2"/>
        <line num="103" count="0" type="stmt"/>
        <line num="107" count="0" type="stmt"/>
        <line num="112" count="0" type="stmt"/>
        <line num="113" count="0" type="cond" truecount="0" falsecount="2"/>
        <line num="114" count="0" type="stmt"/>
        <line num="116" count="0" type="stmt"/>
        <line num="125" count="0" type="stmt"/>
        <line num="126" count="0" type="cond" truecount="0" falsecount="2"/>
        <line num="127" count="0" type="stmt"/>
        <line num="129" count="0" type="stmt"/>
        <line num="136" count="0" type="cond" truecount="0" falsecount="2"/>
        <line num="137" count="0" type="stmt"/>
        <line num="139" count="0" type="stmt"/>
        <line num="140" count="0" type="stmt"/>
        <line num="142" count="0" type="cond" truecount="0" falsecount="2"/>
        <line num="143" count="0" type="stmt"/>
        <line num="145" count="0" type="stmt"/>
        <line num="146" count="0" type="stmt"/>
        <line num="149" count="0" type="stmt"/>
        <line num="150" count="0" type="stmt"/>
        <line num="158" count="1" type="stmt"/>
      </file>
    </package>
  </project>
</coverage>
