{"/Users/mik/Documents/2025/desarrollo-software-seguro/Practico2-Seguridad/2025-Desarrollo-Seguro/services/backend/src/db.ts": {"path":"/Users/mik/Documents/2025/desarrollo-software-seguro/Practico2-Seguridad/2025-Desarrollo-Seguro/services/backend/src/db.ts","statementMap":{"0":{"start":{"line":1,"column":0},"end":{"line":1,"column":36}},"1":{"start":{"line":2,"column":0},"end":{"line":2,"column":24}},"2":{"start":{"line":4,"column":11},"end":{"line":4,"column":39}},"3":{"start":{"line":6,"column":0},"end":{"line":6,"column":18}}},"fnMap":{},"branchMap":{},"s":{"0":4,"1":4,"2":4,"3":4},"f":{},"b":{}}
,"/Users/mik/Documents/2025/desarrollo-software-seguro/Practico2-Seguridad/2025-Desarrollo-Seguro/services/backend/src/knexfile.ts": {"path":"/Users/mik/Documents/2025/desarrollo-software-seguro/Practico2-Seguridad/2025-Desarrollo-Seguro/services/backend/src/knexfile.ts","statementMap":{"0":{"start":{"line":3,"column":0},"end":{"line":3,"column":28}},"1":{"start":{"line":5,"column":0},"end":{"line":5,"column":16}},"2":{"start":{"line":7,"column":47},"end":{"line":24,"column":2}},"3":{"start":{"line":26,"column":0},"end":{"line":26,"column":22}}},"fnMap":{},"branchMap":{"0":{"loc":{"start":{"line":11,"column":12},"end":{"line":11,"column":46}},"type":"binary-expr","locations":[{"start":{"line":11,"column":12},"end":{"line":11,"column":31}},{"start":{"line":11,"column":35},"end":{"line":11,"column":46}}]},"1":{"loc":{"start":{"line":12,"column":12},"end":{"line":12,"column":41}},"type":"binary-expr","locations":[{"start":{"line":12,"column":12},"end":{"line":12,"column":31}},{"start":{"line":12,"column":35},"end":{"line":12,"column":41}}]},"2":{"loc":{"start":{"line":13,"column":16},"end":{"line":13,"column":49}},"type":"binary-expr","locations":[{"start":{"line":13,"column":16},"end":{"line":13,"column":35}},{"start":{"line":13,"column":39},"end":{"line":13,"column":49}}]},"3":{"loc":{"start":{"line":14,"column":16},"end":{"line":14,"column":48}},"type":"binary-expr","locations":[{"start":{"line":14,"column":16},"end":{"line":14,"column":35}},{"start":{"line":14,"column":39},"end":{"line":14,"column":48}}]},"4":{"loc":{"start":{"line":15,"column":21},"end":{"line":15,"column":50}},"type":"binary-expr","locations":[{"start":{"line":15,"column":21},"end":{"line":15,"column":40}},{"start":{"line":15,"column":44},"end":{"line":15,"column":50}}]}},"s":{"0":4,"1":4,"2":4,"3":4},"f":{},"b":{"0":[4,4],"1":[4,4],"2":[4,4],"3":[4,4],"4":[4,4]}}
,"/Users/mik/Documents/2025/desarrollo-software-seguro/Practico2-Seguridad/2025-Desarrollo-Seguro/services/backend/src/controllers/authController.ts": {"path":"/Users/mik/Documents/2025/desarrollo-software-seguro/Practico2-Seguridad/2025-Desarrollo-Seguro/services/backend/src/controllers/authController.ts","statementMap":{"0":{"start":{"line":2,"column":0},"end":{"line":2,"column":50}},"1":{"start":{"line":6,"column":13},"end":{"line":13,"column":1}},"2":{"start":{"line":7,"column":33},"end":{"line":7,"column":41}},"3":{"start":{"line":8,"column":2},"end":{"line":12,"column":3}},"4":{"start":{"line":9,"column":4},"end":{"line":9,"column":28}},"5":{"start":{"line":11,"column":4},"end":{"line":11,"column":14}},"6":{"start":{"line":15,"column":14},"end":{"line":24,"column":1}},"7":{"start":{"line":16,"column":33},"end":{"line":16,"column":41}},"8":{"start":{"line":17,"column":2},"end":{"line":23,"column":3}},"9":{"start":{"line":18,"column":17},"end":{"line":18,"column":67}},"10":{"start":{"line":19,"column":18},"end":{"line":19,"column":56}},"11":{"start":{"line":20,"column":4},"end":{"line":20,"column":30}},"12":{"start":{"line":22,"column":4},"end":{"line":22,"column":14}},"13":{"start":{"line":26,"column":23},"end":{"line":35,"column":1}},"14":{"start":{"line":27,"column":20},"end":{"line":27,"column":28}},"15":{"start":{"line":28,"column":2},"end":{"line":34,"column":3}},"16":{"start":{"line":29,"column":4},"end":{"line":29,"column":52}},"17":{"start":{"line":31,"column":4},"end":{"line":31,"column":24}},"18":{"start":{"line":33,"column":4},"end":{"line":33,"column":14}},"19":{"start":{"line":37,"column":22},"end":{"line":45,"column":1}},"20":{"start":{"line":38,"column":33},"end":{"line":38,"column":41}},"21":{"start":{"line":39,"column":2},"end":{"line":44,"column":3}},"22":{"start":{"line":40,"column":4},"end":{"line":40,"column":56}},"23":{"start":{"line":41,"column":4},"end":{"line":41,"column":24}},"24":{"start":{"line":43,"column":4},"end":{"line":43,"column":14}},"25":{"start":{"line":47,"column":20},"end":{"line":55,"column":1}},"26":{"start":{"line":48,"column":33},"end":{"line":48,"column":41}},"27":{"start":{"line":49,"column":2},"end":{"line":54,"column":3}},"28":{"start":{"line":50,"column":4},"end":{"line":50,"column":54}},"29":{"start":{"line":51,"column":4},"end":{"line":51,"column":24}},"30":{"start":{"line":53,"column":4},"end":{"line":53,"column":14}},"31":{"start":{"line":57,"column":19},"end":{"line":72,"column":1}},"32":{"start":{"line":58,"column":63},"end":{"line":58,"column":71}},"33":{"start":{"line":59,"column":2},"end":{"line":71,"column":3}},"34":{"start":{"line":60,"column":23},"end":{"line":66,"column":6}},"35":{"start":{"line":67,"column":19},"end":{"line":67,"column":53}},"36":{"start":{"line":68,"column":4},"end":{"line":68,"column":33}},"37":{"start":{"line":70,"column":4},"end":{"line":70,"column":14}},"38":{"start":{"line":74,"column":19},"end":{"line":90,"column":1}},"39":{"start":{"line":75,"column":17},"end":{"line":75,"column":30}},"40":{"start":{"line":76,"column":63},"end":{"line":76,"column":71}},"41":{"start":{"line":77,"column":2},"end":{"line":89,"column":3}},"42":{"start":{"line":78,"column":21},"end":{"line":84,"column":6}},"43":{"start":{"line":85,"column":19},"end":{"line":85,"column":53}},"44":{"start":{"line":86,"column":6},"end":{"line":86,"column":35}},"45":{"start":{"line":88,"column":4},"end":{"line":88,"column":14}},"46":{"start":{"line":147,"column":0},"end":{"line":155,"column":2}}},"fnMap":{"0":{"name":"(anonymous_1)","decl":{"start":{"line":6,"column":13},"end":{"line":6,"column":18}},"loc":{"start":{"line":6,"column":71},"end":{"line":13,"column":1}}},"1":{"name":"(anonymous_2)","decl":{"start":{"line":15,"column":14},"end":{"line":15,"column":19}},"loc":{"start":{"line":15,"column":72},"end":{"line":24,"column":1}}},"2":{"name":"(anonymous_3)","decl":{"start":{"line":26,"column":23},"end":{"line":26,"column":28}},"loc":{"start":{"line":26,"column":81},"end":{"line":35,"column":1}}},"3":{"name":"(anonymous_4)","decl":{"start":{"line":37,"column":22},"end":{"line":37,"column":27}},"loc":{"start":{"line":37,"column":80},"end":{"line":45,"column":1}}},"4":{"name":"(anonymous_5)","decl":{"start":{"line":47,"column":20},"end":{"line":47,"column":25}},"loc":{"start":{"line":47,"column":78},"end":{"line":55,"column":1}}},"5":{"name":"(anonymous_6)","decl":{"start":{"line":57,"column":19},"end":{"line":57,"column":24}},"loc":{"start":{"line":57,"column":77},"end":{"line":72,"column":1}}},"6":{"name":"(anonymous_7)","decl":{"start":{"line":74,"column":19},"end":{"line":74,"column":24}},"loc":{"start":{"line":74,"column":77},"end":{"line":90,"column":1}}}},"branchMap":{},"s":{"0":2,"1":2,"2":0,"3":0,"4":0,"5":0,"6":2,"7":0,"8":0,"9":0,"10":0,"11":0,"12":0,"13":2,"14":0,"15":0,"16":0,"17":0,"18":0,"19":2,"20":0,"21":0,"22":0,"23":0,"24":0,"25":2,"26":0,"27":0,"28":0,"29":0,"30":0,"31":2,"32":0,"33":0,"34":0,"35":0,"36":0,"37":0,"38":2,"39":0,"40":0,"41":0,"42":0,"43":0,"44":0,"45":0,"46":2},"f":{"0":0,"1":0,"2":0,"3":0,"4":0,"5":0,"6":0},"b":{}}
,"/Users/mik/Documents/2025/desarrollo-software-seguro/Practico2-Seguridad/2025-Desarrollo-Seguro/services/backend/src/middleware/auth.middleware.ts": {"path":"/Users/mik/Documents/2025/desarrollo-software-seguro/Practico2-Seguridad/2025-Desarrollo-Seguro/services/backend/src/middleware/auth.middleware.ts","statementMap":{"0":{"start":{"line":2,"column":0},"end":{"line":2,"column":31}},"1":{"start":{"line":8,"column":31},"end":{"line":32,"column":1}},"2":{"start":{"line":9,"column":21},"end":{"line":9,"column":46}},"3":{"start":{"line":11,"column":2},"end":{"line":13,"column":3}},"4":{"start":{"line":12,"column":4},"end":{"line":12,"column":73}},"5":{"start":{"line":15,"column":16},"end":{"line":15,"column":40}},"6":{"start":{"line":21,"column":20},"end":{"line":21,"column":42}},"7":{"start":{"line":22,"column":2},"end":{"line":24,"column":3}},"8":{"start":{"line":23,"column":4},"end":{"line":23,"column":74}},"9":{"start":{"line":25,"column":2},"end":{"line":31,"column":3}},"10":{"start":{"line":26,"column":20},"end":{"line":26,"column":48}},"11":{"start":{"line":27,"column":5},"end":{"line":27,"column":32}},"12":{"start":{"line":28,"column":4},"end":{"line":28,"column":11}},"13":{"start":{"line":30,"column":4},"end":{"line":30,"column":62}},"14":{"start":{"line":8,"column":13},"end":{"line":8,"column":31}},"15":{"start":{"line":34,"column":0},"end":{"line":34,"column":31}}},"fnMap":{"0":{"name":"(anonymous_1)","decl":{"start":{"line":8,"column":31},"end":{"line":8,"column":32}},"loc":{"start":{"line":8,"column":83},"end":{"line":32,"column":1}}}},"branchMap":{"0":{"loc":{"start":{"line":11,"column":2},"end":{"line":13,"column":3}},"type":"if","locations":[{"start":{"line":11,"column":2},"end":{"line":13,"column":3}},{"start":{},"end":{}}]},"1":{"loc":{"start":{"line":22,"column":2},"end":{"line":24,"column":3}},"type":"if","locations":[{"start":{"line":22,"column":2},"end":{"line":24,"column":3}},{"start":{},"end":{}}]}},"s":{"0":1,"1":1,"2":0,"3":0,"4":0,"5":0,"6":0,"7":0,"8":0,"9":0,"10":0,"11":0,"12":0,"13":0,"14":1,"15":1},"f":{"0":0},"b":{"0":[0,0],"1":[0,0]}}
,"/Users/mik/Documents/2025/desarrollo-software-seguro/Practico2-Seguridad/2025-Desarrollo-Seguro/services/backend/src/routes/auth.routes.ts": {"path":"/Users/mik/Documents/2025/desarrollo-software-seguro/Practico2-Seguridad/2025-Desarrollo-Seguro/services/backend/src/routes/auth.routes.ts","statementMap":{"0":{"start":{"line":1,"column":0},"end":{"line":1,"column":33}},"1":{"start":{"line":2,"column":0},"end":{"line":2,"column":51}},"2":{"start":{"line":4,"column":15},"end":{"line":4,"column":23}},"3":{"start":{"line":6,"column":0},"end":{"line":6,"column":29}},"4":{"start":{"line":8,"column":0},"end":{"line":8,"column":36}},"5":{"start":{"line":11,"column":0},"end":{"line":11,"column":55}},"6":{"start":{"line":14,"column":0},"end":{"line":14,"column":53}},"7":{"start":{"line":17,"column":0},"end":{"line":17,"column":49}},"8":{"start":{"line":20,"column":0},"end":{"line":20,"column":22}}},"fnMap":{},"branchMap":{},"s":{"0":1,"1":1,"2":1,"3":1,"4":1,"5":1,"6":1,"7":1,"8":1},"f":{},"b":{}}
,"/Users/mik/Documents/2025/desarrollo-software-seguro/Practico2-Seguridad/2025-Desarrollo-Seguro/services/backend/src/routes/user.routes.ts": {"path":"/Users/mik/Documents/2025/desarrollo-software-seguro/Practico2-Seguridad/2025-Desarrollo-Seguro/services/backend/src/routes/user.routes.ts","statementMap":{"0":{"start":{"line":2,"column":0},"end":{"line":2,"column":33}},"1":{"start":{"line":3,"column":0},"end":{"line":3,"column":51}},"2":{"start":{"line":4,"column":0},"end":{"line":4,"column":59}},"3":{"start":{"line":6,"column":15},"end":{"line":6,"column":23}},"4":{"start":{"line":14,"column":0},"end":{"line":14,"column":52}},"5":{"start":{"line":15,"column":0},"end":{"line":15,"column":54}},"6":{"start":{"line":25,"column":0},"end":{"line":25,"column":22}}},"fnMap":{},"branchMap":{},"s":{"0":1,"1":1,"2":1,"3":1,"4":1,"5":1,"6":1},"f":{},"b":{}}
,"/Users/mik/Documents/2025/desarrollo-software-seguro/Practico2-Seguridad/2025-Desarrollo-Seguro/services/backend/src/services/authService.ts": {"path":"/Users/mik/Documents/2025/desarrollo-software-seguro/Practico2-Seguridad/2025-Desarrollo-Seguro/services/backend/src/services/authService.ts","statementMap":{"0":{"start":{"line":2,"column":0},"end":{"line":2,"column":28}},"1":{"start":{"line":3,"column":0},"end":{"line":3,"column":36}},"2":{"start":{"line":4,"column":0},"end":{"line":4,"column":23}},"3":{"start":{"line":6,"column":0},"end":{"line":6,"column":36}},"4":{"start":{"line":7,"column":0},"end":{"line":7,"column":22}},"5":{"start":{"line":8,"column":0},"end":{"line":8,"column":30}},"6":{"start":{"line":10,"column":18},"end":{"line":10,"column":32}},"7":{"start":{"line":11,"column":19},"end":{"line":11,"column":42}},"8":{"start":{"line":16,"column":21},"end":{"line":19,"column":14}},"9":{"start":{"line":20,"column":4},"end":{"line":20,"column":85}},"10":{"start":{"line":20,"column":18},"end":{"line":20,"column":85}},"11":{"start":{"line":22,"column":25},"end":{"line":22,"column":62}},"12":{"start":{"line":23,"column":33},"end":{"line":23,"column":66}},"13":{"start":{"line":37,"column":25},"end":{"line":37,"column":61}},"14":{"start":{"line":38,"column":4},"end":{"line":48,"column":9}},"15":{"start":{"line":50,"column":24},"end":{"line":57,"column":6}},"16":{"start":{"line":58,"column":17},"end":{"line":58,"column":108}},"17":{"start":{"line":72,"column":6},"end":{"line":72,"column":26}},"18":{"start":{"line":72,"column":16},"end":{"line":72,"column":26}},"19":{"start":{"line":73,"column":6},"end":{"line":78,"column":32}},"20":{"start":{"line":82,"column":21},"end":{"line":88,"column":15}},"21":{"start":{"line":89,"column":21},"end":{"line":93,"column":6}},"22":{"start":{"line":95,"column":4},"end":{"line":100,"column":7}},"23":{"start":{"line":104,"column":21},"end":{"line":106,"column":14}},"24":{"start":{"line":107,"column":4},"end":{"line":107,"column":53}},"25":{"start":{"line":107,"column":19},"end":{"line":107,"column":53}},"26":{"start":{"line":119,"column":25},"end":{"line":119,"column":61}},"27":{"start":{"line":120,"column":4},"end":{"line":128,"column":9}},"28":{"start":{"line":129,"column":4},"end":{"line":129,"column":20}},"29":{"start":{"line":133,"column":17},"end":{"line":136,"column":14}},"30":{"start":{"line":137,"column":4},"end":{"line":137,"column":65}},"31":{"start":{"line":137,"column":15},"end":{"line":137,"column":65}},"32":{"start":{"line":141,"column":16},"end":{"line":141,"column":61}},"33":{"start":{"line":142,"column":4},"end":{"line":142,"column":52}},"34":{"start":{"line":142,"column":16},"end":{"line":142,"column":52}},"35":{"start":{"line":143,"column":4},"end":{"line":143,"column":16}},"36":{"start":{"line":147,"column":17},"end":{"line":150,"column":14}},"37":{"start":{"line":151,"column":4},"end":{"line":151,"column":75}},"38":{"start":{"line":151,"column":15},"end":{"line":151,"column":75}},"39":{"start":{"line":153,"column":18},"end":{"line":153,"column":55}},"40":{"start":{"line":154,"column":20},"end":{"line":154,"column":52}},"41":{"start":{"line":156,"column":4},"end":{"line":161,"column":9}},"42":{"start":{"line":164,"column":24},"end":{"line":171,"column":6}},"43":{"start":{"line":173,"column":17},"end":{"line":173,"column":76}},"44":{"start":{"line":174,"column":4},"end":{"line":178,"column":7}},"45":{"start":{"line":182,"column":16},"end":{"line":185,"column":14}},"46":{"start":{"line":186,"column":4},"end":{"line":186,"column":64}},"47":{"start":{"line":186,"column":14},"end":{"line":186,"column":64}},"48":{"start":{"line":188,"column":4},"end":{"line":194,"column":9}},"49":{"start":{"line":198,"column":16},"end":{"line":201,"column":14}},"50":{"start":{"line":202,"column":4},"end":{"line":202,"column":65}},"51":{"start":{"line":202,"column":14},"end":{"line":202,"column":65}},"52":{"start":{"line":204,"column":4},"end":{"line":210,"column":29}},"53":{"start":{"line":214,"column":4},"end":{"line":214,"column":42}},"54":{"start":{"line":218,"column":0},"end":{"line":218,"column":27}}},"fnMap":{"0":{"name":"(anonymous_1)","decl":{"start":{"line":15,"column":2},"end":{"line":15,"column":8}},"loc":{"start":{"line":15,"column":36},"end":{"line":101,"column":3}}},"1":{"name":"escapeHtml","decl":{"start":{"line":71,"column":13},"end":{"line":71,"column":23}},"loc":{"start":{"line":71,"column":35},"end":{"line":79,"column":5}}},"2":{"name":"(anonymous_3)","decl":{"start":{"line":103,"column":2},"end":{"line":103,"column":8}},"loc":{"start":{"line":103,"column":36},"end":{"line":130,"column":3}}},"3":{"name":"(anonymous_4)","decl":{"start":{"line":132,"column":2},"end":{"line":132,"column":8}},"loc":{"start":{"line":132,"column":62},"end":{"line":144,"column":3}}},"4":{"name":"(anonymous_5)","decl":{"start":{"line":146,"column":2},"end":{"line":146,"column":8}},"loc":{"start":{"line":146,"column":51},"end":{"line":179,"column":3}}},"5":{"name":"(anonymous_6)","decl":{"start":{"line":181,"column":2},"end":{"line":181,"column":8}},"loc":{"start":{"line":181,"column":63},"end":{"line":195,"column":3}}},"6":{"name":"(anonymous_7)","decl":{"start":{"line":197,"column":2},"end":{"line":197,"column":8}},"loc":{"start":{"line":197,"column":61},"end":{"line":211,"column":3}}},"7":{"name":"(anonymous_8)","decl":{"start":{"line":213,"column":2},"end":{"line":213,"column":8}},"loc":{"start":{"line":213,"column":35},"end":{"line":215,"column":3}}}},"branchMap":{"0":{"loc":{"start":{"line":20,"column":4},"end":{"line":20,"column":85}},"type":"if","locations":[{"start":{"line":20,"column":4},"end":{"line":20,"column":85}},{"start":{},"end":{}}]},"1":{"loc":{"start":{"line":72,"column":6},"end":{"line":72,"column":26}},"type":"if","locations":[{"start":{"line":72,"column":6},"end":{"line":72,"column":26}},{"start":{},"end":{}}]},"2":{"loc":{"start":{"line":107,"column":4},"end":{"line":107,"column":53}},"type":"if","locations":[{"start":{"line":107,"column":4},"end":{"line":107,"column":53}},{"start":{},"end":{}}]},"3":{"loc":{"start":{"line":137,"column":4},"end":{"line":137,"column":65}},"type":"if","locations":[{"start":{"line":137,"column":4},"end":{"line":137,"column":65}},{"start":{},"end":{}}]},"4":{"loc":{"start":{"line":142,"column":4},"end":{"line":142,"column":52}},"type":"if","locations":[{"start":{"line":142,"column":4},"end":{"line":142,"column":52}},{"start":{},"end":{}}]},"5":{"loc":{"start":{"line":151,"column":4},"end":{"line":151,"column":75}},"type":"if","locations":[{"start":{"line":151,"column":4},"end":{"line":151,"column":75}},{"start":{},"end":{}}]},"6":{"loc":{"start":{"line":166,"column":21},"end":{"line":166,"column":51}},"type":"binary-expr","locations":[{"start":{"line":166,"column":21},"end":{"line":166,"column":42}},{"start":{"line":166,"column":46},"end":{"line":166,"column":51}}]},"7":{"loc":{"start":{"line":186,"column":4},"end":{"line":186,"column":64}},"type":"if","locations":[{"start":{"line":186,"column":4},"end":{"line":186,"column":64}},{"start":{},"end":{}}]},"8":{"loc":{"start":{"line":202,"column":4},"end":{"line":202,"column":65}},"type":"if","locations":[{"start":{"line":202,"column":4},"end":{"line":202,"column":65}},{"start":{},"end":{}}]}},"s":{"0":3,"1":3,"2":3,"3":3,"4":3,"5":3,"6":3,"7":3,"8":1,"9":1,"10":0,"11":1,"12":1,"13":1,"14":1,"15":1,"16":1,"17":2,"18":0,"19":2,"20":1,"21":1,"22":1,"23":0,"24":0,"25":0,"26":0,"27":0,"28":0,"29":0,"30":0,"31":0,"32":0,"33":0,"34":0,"35":0,"36":0,"37":0,"38":0,"39":0,"40":0,"41":0,"42":0,"43":0,"44":0,"45":0,"46":0,"47":0,"48":0,"49":0,"50":0,"51":0,"52":0,"53":0,"54":3},"f":{"0":1,"1":2,"2":0,"3":0,"4":0,"5":0,"6":0,"7":0},"b":{"0":[0,1],"1":[0,2],"2":[0,0],"3":[0,0],"4":[0,0],"5":[0,0],"6":[0,0],"7":[0,0],"8":[0,0]}}
,"/Users/mik/Documents/2025/desarrollo-software-seguro/Practico2-Seguridad/2025-Desarrollo-Seguro/services/backend/src/services/invoiceService.ts": {"path":"/Users/mik/Documents/2025/desarrollo-software-seguro/Practico2-Seguridad/2025-Desarrollo-Seguro/services/backend/src/services/invoiceService.ts","statementMap":{"0":{"start":{"line":2,"column":0},"end":{"line":2,"column":23}},"1":{"start":{"line":4,"column":0},"end":{"line":4,"column":26}},"2":{"start":{"line":5,"column":0},"end":{"line":5,"column":36}},"3":{"start":{"line":6,"column":0},"end":{"line":6,"column":29}},"4":{"start":{"line":34,"column":12},"end":{"line":34,"column":64}},"5":{"start":{"line":36,"column":4},"end":{"line":51,"column":5}},"6":{"start":{"line":38,"column":31},"end":{"line":38,"column":70}},"7":{"start":{"line":39,"column":6},"end":{"line":41,"column":7}},"8":{"start":{"line":40,"column":8},"end":{"line":40,"column":null}},"9":{"start":{"line":44,"column":30},"end":{"line":44,"column":73}},"10":{"start":{"line":45,"column":6},"end":{"line":47,"column":7}},"11":{"start":{"line":46,"column":8},"end":{"line":46,"column":null}},"12":{"start":{"line":50,"column":6},"end":{"line":50,"column":null}},"13":{"start":{"line":53,"column":17},"end":{"line":53,"column":33}},"14":{"start":{"line":54,"column":21},"end":{"line":62,"column":null}},"15":{"start":{"line":56,"column":9},"end":{"line":62,"column":21}},"16":{"start":{"line":64,"column":4},"end":{"line":64,"column":null}},"17":{"start":{"line":87,"column":26},"end":{"line":87,"column":56}},"18":{"start":{"line":88,"column":4},"end":{"line":90,"column":5}},"19":{"start":{"line":89,"column":6},"end":{"line":89,"column":47}},"20":{"start":{"line":91,"column":50},"end":{"line":95,"column":6}},"21":{"start":{"line":96,"column":19},"end":{"line":96,"column":46}},"22":{"start":{"line":97,"column":28},"end":{"line":101,"column":6}},"23":{"start":{"line":102,"column":4},"end":{"line":104,"column":5}},"24":{"start":{"line":103,"column":6},"end":{"line":103,"column":40}},"25":{"start":{"line":107,"column":4},"end":{"line":109,"column":34}},"26":{"start":{"line":112,"column":20},"end":{"line":112,"column":85}},"27":{"start":{"line":113,"column":4},"end":{"line":115,"column":5}},"28":{"start":{"line":114,"column":6},"end":{"line":114,"column":43}},"29":{"start":{"line":116,"column":4},"end":{"line":116,"column":30}},"30":{"start":{"line":125,"column":20},"end":{"line":125,"column":85}},"31":{"start":{"line":126,"column":4},"end":{"line":128,"column":5}},"32":{"start":{"line":127,"column":6},"end":{"line":127,"column":43}},"33":{"start":{"line":129,"column":4},"end":{"line":152,"column":5}},"34":{"start":{"line":136,"column":6},"end":{"line":138,"column":7}},"35":{"start":{"line":137,"column":8},"end":{"line":137,"column":45}},"36":{"start":{"line":139,"column":22},"end":{"line":139,"column":46}},"37":{"start":{"line":140,"column":23},"end":{"line":140,"column":50}},"38":{"start":{"line":142,"column":6},"end":{"line":144,"column":7}},"39":{"start":{"line":143,"column":8},"end":{"line":143,"column":51}},"40":{"start":{"line":145,"column":22},"end":{"line":145,"column":58}},"41":{"start":{"line":146,"column":6},"end":{"line":146,"column":21}},"42":{"start":{"line":149,"column":6},"end":{"line":149,"column":58}},"43":{"start":{"line":150,"column":6},"end":{"line":150,"column":43}},"44":{"start":{"line":158,"column":0},"end":{"line":158,"column":30}}},"fnMap":{"0":{"name":"(anonymous_10)","decl":{"start":{"line":33,"column":2},"end":{"line":33,"column":8}},"loc":{"start":{"line":33,"column":70},"end":{"line":65,"column":3}}},"1":{"name":"(anonymous_11)","decl":{"start":{"line":55,"column":6},"end":{"line":55,"column":7}},"loc":{"start":{"line":56,"column":9},"end":{"line":62,"column":21}}},"2":{"name":"(anonymous_12)","decl":{"start":{"line":68,"column":2},"end":{"line":68,"column":8}},"loc":{"start":{"line":74,"column":26},"end":{"line":110,"column":3}}},"3":{"name":"(anonymous_13)","decl":{"start":{"line":111,"column":2},"end":{"line":111,"column":8}},"loc":{"start":{"line":111,"column":44},"end":{"line":117,"column":3}}},"4":{"name":"(anonymous_14)","decl":{"start":{"line":120,"column":2},"end":{"line":120,"column":8}},"loc":{"start":{"line":122,"column":19},"end":{"line":154,"column":3}}}},"branchMap":{"0":{"loc":{"start":{"line":36,"column":4},"end":{"line":51,"column":5}},"type":"if","locations":[{"start":{"line":36,"column":4},"end":{"line":51,"column":5}},{"start":{},"end":{}}]},"1":{"loc":{"start":{"line":36,"column":8},"end":{"line":36,"column":26}},"type":"binary-expr","locations":[{"start":{"line":36,"column":8},"end":{"line":36,"column":14}},{"start":{"line":36,"column":18},"end":{"line":36,"column":26}}]},"2":{"loc":{"start":{"line":39,"column":6},"end":{"line":41,"column":7}},"type":"if","locations":[{"start":{"line":39,"column":6},"end":{"line":41,"column":7}},{"start":{},"end":{}}]},"3":{"loc":{"start":{"line":45,"column":6},"end":{"line":47,"column":7}},"type":"if","locations":[{"start":{"line":45,"column":6},"end":{"line":47,"column":7}},{"start":{},"end":{}}]},"4":{"loc":{"start":{"line":88,"column":4},"end":{"line":90,"column":5}},"type":"if","locations":[{"start":{"line":88,"column":4},"end":{"line":90,"column":5}},{"start":{},"end":{}}]},"5":{"loc":{"start":{"line":102,"column":4},"end":{"line":104,"column":5}},"type":"if","locations":[{"start":{"line":102,"column":4},"end":{"line":104,"column":5}},{"start":{},"end":{}}]},"6":{"loc":{"start":{"line":113,"column":4},"end":{"line":115,"column":5}},"type":"if","locations":[{"start":{"line":113,"column":4},"end":{"line":115,"column":5}},{"start":{},"end":{}}]},"7":{"loc":{"start":{"line":126,"column":4},"end":{"line":128,"column":5}},"type":"if","locations":[{"start":{"line":126,"column":4},"end":{"line":128,"column":5}},{"start":{},"end":{}}]},"8":{"loc":{"start":{"line":136,"column":6},"end":{"line":138,"column":7}},"type":"if","locations":[{"start":{"line":136,"column":6},"end":{"line":138,"column":7}},{"start":{},"end":{}}]},"9":{"loc":{"start":{"line":142,"column":6},"end":{"line":144,"column":7}},"type":"if","locations":[{"start":{"line":142,"column":6},"end":{"line":144,"column":7}},{"start":{},"end":{}}]}},"s":{"0":1,"1":1,"2":1,"3":1,"4":13,"5":13,"6":13,"7":13,"8":6,"9":7,"10":7,"11":6,"12":1,"13":1,"14":1,"15":1,"16":1,"17":0,"18":0,"19":0,"20":0,"21":0,"22":0,"23":0,"24":0,"25":0,"26":0,"27":0,"28":0,"29":0,"30":0,"31":0,"32":0,"33":0,"34":0,"35":0,"36":0,"37":0,"38":0,"39":0,"40":0,"41":0,"42":0,"43":0,"44":1},"f":{"0":13,"1":1,"2":0,"3":0,"4":0},"b":{"0":[13,0],"1":[13,13],"2":[6,7],"3":[6,1],"4":[0,0],"5":[0,0],"6":[0,0],"7":[0,0],"8":[0,0],"9":[0,0]}}
,"/Users/mik/Documents/2025/desarrollo-software-seguro/Practico2-Seguridad/2025-Desarrollo-Seguro/services/backend/src/utils/jwt.ts": {"path":"/Users/mik/Documents/2025/desarrollo-software-seguro/Practico2-Seguridad/2025-Desarrollo-Seguro/services/backend/src/utils/jwt.ts","statementMap":{"0":{"start":{"line":1,"column":0},"end":{"line":1,"column":31}},"1":{"start":{"line":4,"column":22},"end":{"line":11,"column":1}},"2":{"start":{"line":5,"column":20},"end":{"line":5,"column":68}},"3":{"start":{"line":6,"column":2},"end":{"line":10,"column":4}},"4":{"start":{"line":13,"column":20},"end":{"line":15,"column":1}},"5":{"start":{"line":14,"column":2},"end":{"line":14,"column":51}},"6":{"start":{"line":17,"column":0},"end":{"line":20,"column":null}}},"fnMap":{"0":{"name":"(anonymous_1)","decl":{"start":{"line":4,"column":22},"end":{"line":4,"column":23}},"loc":{"start":{"line":4,"column":41},"end":{"line":11,"column":1}}},"1":{"name":"(anonymous_2)","decl":{"start":{"line":13,"column":20},"end":{"line":13,"column":21}},"loc":{"start":{"line":13,"column":38},"end":{"line":15,"column":1}}}},"branchMap":{"0":{"loc":{"start":{"line":5,"column":20},"end":{"line":5,"column":68}},"type":"binary-expr","locations":[{"start":{"line":5,"column":20},"end":{"line":5,"column":42}},{"start":{"line":5,"column":46},"end":{"line":5,"column":68}}]}},"s":{"0":4,"1":4,"2":0,"3":0,"4":4,"5":0,"6":4},"f":{"0":0,"1":0},"b":{"0":[0,0]}}
}
