{"/Users/mik/Documents/2025/desarrollo-software-seguro/Practico2-Seguridad/2025-Desarrollo-Seguro/services/backend/src/db.ts": {"path":"/Users/mik/Documents/2025/desarrollo-software-seguro/Practico2-Seguridad/2025-Desarrollo-Seguro/services/backend/src/db.ts","statementMap":{"0":{"start":{"line":1,"column":0},"end":{"line":1,"column":36}},"1":{"start":{"line":2,"column":0},"end":{"line":2,"column":24}},"2":{"start":{"line":4,"column":11},"end":{"line":4,"column":39}},"3":{"start":{"line":6,"column":0},"end":{"line":6,"column":18}}},"fnMap":{},"branchMap":{},"s":{"0":1,"1":1,"2":1,"3":1},"f":{},"b":{}}
,"/Users/mik/Documents/2025/desarrollo-software-seguro/Practico2-Seguridad/2025-Desarrollo-Seguro/services/backend/src/knexfile.ts": {"path":"/Users/mik/Documents/2025/desarrollo-software-seguro/Practico2-Seguridad/2025-Desarrollo-Seguro/services/backend/src/knexfile.ts","statementMap":{"0":{"start":{"line":3,"column":0},"end":{"line":3,"column":28}},"1":{"start":{"line":5,"column":0},"end":{"line":5,"column":16}},"2":{"start":{"line":7,"column":47},"end":{"line":24,"column":2}},"3":{"start":{"line":26,"column":0},"end":{"line":26,"column":22}}},"fnMap":{},"branchMap":{"0":{"loc":{"start":{"line":11,"column":12},"end":{"line":11,"column":46}},"type":"binary-expr","locations":[{"start":{"line":11,"column":12},"end":{"line":11,"column":31}},{"start":{"line":11,"column":35},"end":{"line":11,"column":46}}]},"1":{"loc":{"start":{"line":12,"column":12},"end":{"line":12,"column":41}},"type":"binary-expr","locations":[{"start":{"line":12,"column":12},"end":{"line":12,"column":31}},{"start":{"line":12,"column":35},"end":{"line":12,"column":41}}]},"2":{"loc":{"start":{"line":13,"column":16},"end":{"line":13,"column":49}},"type":"binary-expr","locations":[{"start":{"line":13,"column":16},"end":{"line":13,"column":35}},{"start":{"line":13,"column":39},"end":{"line":13,"column":49}}]},"3":{"loc":{"start":{"line":14,"column":16},"end":{"line":14,"column":48}},"type":"binary-expr","locations":[{"start":{"line":14,"column":16},"end":{"line":14,"column":35}},{"start":{"line":14,"column":39},"end":{"line":14,"column":48}}]},"4":{"loc":{"start":{"line":15,"column":21},"end":{"line":15,"column":50}},"type":"binary-expr","locations":[{"start":{"line":15,"column":21},"end":{"line":15,"column":40}},{"start":{"line":15,"column":44},"end":{"line":15,"column":50}}]}},"s":{"0":1,"1":1,"2":1,"3":1},"f":{},"b":{"0":[1,1],"1":[1,1],"2":[1,1],"3":[1,1],"4":[1,1]}}
,"/Users/mik/Documents/2025/desarrollo-software-seguro/Practico2-Seguridad/2025-Desarrollo-Seguro/services/backend/src/services/authService.ts": {"path":"/Users/mik/Documents/2025/desarrollo-software-seguro/Practico2-Seguridad/2025-Desarrollo-Seguro/services/backend/src/services/authService.ts","statementMap":{"0":{"start":{"line":2,"column":0},"end":{"line":2,"column":28}},"1":{"start":{"line":3,"column":0},"end":{"line":3,"column":36}},"2":{"start":{"line":4,"column":0},"end":{"line":4,"column":23}},"3":{"start":{"line":6,"column":0},"end":{"line":6,"column":36}},"4":{"start":{"line":7,"column":0},"end":{"line":7,"column":22}},"5":{"start":{"line":8,"column":0},"end":{"line":8,"column":30}},"6":{"start":{"line":10,"column":18},"end":{"line":10,"column":32}},"7":{"start":{"line":11,"column":19},"end":{"line":11,"column":42}},"8":{"start":{"line":16,"column":21},"end":{"line":19,"column":14}},"9":{"start":{"line":20,"column":4},"end":{"line":20,"column":85}},"10":{"start":{"line":20,"column":18},"end":{"line":20,"column":85}},"11":{"start":{"line":22,"column":25},"end":{"line":22,"column":62}},"12":{"start":{"line":23,"column":33},"end":{"line":23,"column":66}},"13":{"start":{"line":37,"column":25},"end":{"line":37,"column":61}},"14":{"start":{"line":38,"column":4},"end":{"line":48,"column":9}},"15":{"start":{"line":50,"column":24},"end":{"line":57,"column":6}},"16":{"start":{"line":58,"column":17},"end":{"line":58,"column":108}},"17":{"start":{"line":72,"column":6},"end":{"line":72,"column":26}},"18":{"start":{"line":72,"column":16},"end":{"line":72,"column":26}},"19":{"start":{"line":73,"column":6},"end":{"line":78,"column":32}},"20":{"start":{"line":82,"column":21},"end":{"line":88,"column":15}},"21":{"start":{"line":89,"column":21},"end":{"line":93,"column":6}},"22":{"start":{"line":95,"column":4},"end":{"line":100,"column":7}},"23":{"start":{"line":104,"column":21},"end":{"line":106,"column":14}},"24":{"start":{"line":107,"column":4},"end":{"line":107,"column":53}},"25":{"start":{"line":107,"column":19},"end":{"line":107,"column":53}},"26":{"start":{"line":119,"column":25},"end":{"line":119,"column":61}},"27":{"start":{"line":120,"column":4},"end":{"line":128,"column":9}},"28":{"start":{"line":129,"column":4},"end":{"line":129,"column":20}},"29":{"start":{"line":133,"column":17},"end":{"line":136,"column":14}},"30":{"start":{"line":137,"column":4},"end":{"line":137,"column":65}},"31":{"start":{"line":137,"column":15},"end":{"line":137,"column":65}},"32":{"start":{"line":141,"column":16},"end":{"line":141,"column":61}},"33":{"start":{"line":142,"column":4},"end":{"line":142,"column":52}},"34":{"start":{"line":142,"column":16},"end":{"line":142,"column":52}},"35":{"start":{"line":143,"column":4},"end":{"line":143,"column":16}},"36":{"start":{"line":147,"column":17},"end":{"line":150,"column":14}},"37":{"start":{"line":151,"column":4},"end":{"line":151,"column":75}},"38":{"start":{"line":151,"column":15},"end":{"line":151,"column":75}},"39":{"start":{"line":153,"column":18},"end":{"line":153,"column":55}},"40":{"start":{"line":154,"column":20},"end":{"line":154,"column":52}},"41":{"start":{"line":156,"column":4},"end":{"line":161,"column":9}},"42":{"start":{"line":164,"column":24},"end":{"line":171,"column":6}},"43":{"start":{"line":173,"column":17},"end":{"line":173,"column":76}},"44":{"start":{"line":174,"column":4},"end":{"line":178,"column":7}},"45":{"start":{"line":182,"column":16},"end":{"line":185,"column":14}},"46":{"start":{"line":186,"column":4},"end":{"line":186,"column":64}},"47":{"start":{"line":186,"column":14},"end":{"line":186,"column":64}},"48":{"start":{"line":188,"column":4},"end":{"line":194,"column":9}},"49":{"start":{"line":198,"column":16},"end":{"line":201,"column":14}},"50":{"start":{"line":202,"column":4},"end":{"line":202,"column":65}},"51":{"start":{"line":202,"column":14},"end":{"line":202,"column":65}},"52":{"start":{"line":204,"column":4},"end":{"line":210,"column":29}},"53":{"start":{"line":214,"column":4},"end":{"line":214,"column":42}},"54":{"start":{"line":218,"column":0},"end":{"line":218,"column":27}}},"fnMap":{"0":{"name":"(anonymous_1)","decl":{"start":{"line":15,"column":2},"end":{"line":15,"column":8}},"loc":{"start":{"line":15,"column":36},"end":{"line":101,"column":3}}},"1":{"name":"escapeHtml","decl":{"start":{"line":71,"column":13},"end":{"line":71,"column":23}},"loc":{"start":{"line":71,"column":35},"end":{"line":79,"column":5}}},"2":{"name":"(anonymous_3)","decl":{"start":{"line":103,"column":2},"end":{"line":103,"column":8}},"loc":{"start":{"line":103,"column":36},"end":{"line":130,"column":3}}},"3":{"name":"(anonymous_4)","decl":{"start":{"line":132,"column":2},"end":{"line":132,"column":8}},"loc":{"start":{"line":132,"column":62},"end":{"line":144,"column":3}}},"4":{"name":"(anonymous_5)","decl":{"start":{"line":146,"column":2},"end":{"line":146,"column":8}},"loc":{"start":{"line":146,"column":51},"end":{"line":179,"column":3}}},"5":{"name":"(anonymous_6)","decl":{"start":{"line":181,"column":2},"end":{"line":181,"column":8}},"loc":{"start":{"line":181,"column":63},"end":{"line":195,"column":3}}},"6":{"name":"(anonymous_7)","decl":{"start":{"line":197,"column":2},"end":{"line":197,"column":8}},"loc":{"start":{"line":197,"column":61},"end":{"line":211,"column":3}}},"7":{"name":"(anonymous_8)","decl":{"start":{"line":213,"column":2},"end":{"line":213,"column":8}},"loc":{"start":{"line":213,"column":35},"end":{"line":215,"column":3}}}},"branchMap":{"0":{"loc":{"start":{"line":20,"column":4},"end":{"line":20,"column":85}},"type":"if","locations":[{"start":{"line":20,"column":4},"end":{"line":20,"column":85}},{"start":{},"end":{}}]},"1":{"loc":{"start":{"line":72,"column":6},"end":{"line":72,"column":26}},"type":"if","locations":[{"start":{"line":72,"column":6},"end":{"line":72,"column":26}},{"start":{},"end":{}}]},"2":{"loc":{"start":{"line":107,"column":4},"end":{"line":107,"column":53}},"type":"if","locations":[{"start":{"line":107,"column":4},"end":{"line":107,"column":53}},{"start":{},"end":{}}]},"3":{"loc":{"start":{"line":137,"column":4},"end":{"line":137,"column":65}},"type":"if","locations":[{"start":{"line":137,"column":4},"end":{"line":137,"column":65}},{"start":{},"end":{}}]},"4":{"loc":{"start":{"line":142,"column":4},"end":{"line":142,"column":52}},"type":"if","locations":[{"start":{"line":142,"column":4},"end":{"line":142,"column":52}},{"start":{},"end":{}}]},"5":{"loc":{"start":{"line":151,"column":4},"end":{"line":151,"column":75}},"type":"if","locations":[{"start":{"line":151,"column":4},"end":{"line":151,"column":75}},{"start":{},"end":{}}]},"6":{"loc":{"start":{"line":166,"column":21},"end":{"line":166,"column":51}},"type":"binary-expr","locations":[{"start":{"line":166,"column":21},"end":{"line":166,"column":42}},{"start":{"line":166,"column":46},"end":{"line":166,"column":51}}]},"7":{"loc":{"start":{"line":186,"column":4},"end":{"line":186,"column":64}},"type":"if","locations":[{"start":{"line":186,"column":4},"end":{"line":186,"column":64}},{"start":{},"end":{}}]},"8":{"loc":{"start":{"line":202,"column":4},"end":{"line":202,"column":65}},"type":"if","locations":[{"start":{"line":202,"column":4},"end":{"line":202,"column":65}},{"start":{},"end":{}}]}},"s":{"0":1,"1":1,"2":1,"3":1,"4":1,"5":1,"6":1,"7":1,"8":1,"9":1,"10":0,"11":1,"12":1,"13":1,"14":1,"15":1,"16":1,"17":2,"18":0,"19":2,"20":1,"21":1,"22":1,"23":0,"24":0,"25":0,"26":0,"27":0,"28":0,"29":0,"30":0,"31":0,"32":0,"33":0,"34":0,"35":0,"36":0,"37":0,"38":0,"39":0,"40":0,"41":0,"42":0,"43":0,"44":0,"45":0,"46":0,"47":0,"48":0,"49":0,"50":0,"51":0,"52":0,"53":0,"54":1},"f":{"0":1,"1":2,"2":0,"3":0,"4":0,"5":0,"6":0,"7":0},"b":{"0":[0,1],"1":[0,2],"2":[0,0],"3":[0,0],"4":[0,0],"5":[0,0],"6":[0,0],"7":[0,0],"8":[0,0]}}
,"/Users/mik/Documents/2025/desarrollo-software-seguro/Practico2-Seguridad/2025-Desarrollo-Seguro/services/backend/src/utils/jwt.ts": {"path":"/Users/mik/Documents/2025/desarrollo-software-seguro/Practico2-Seguridad/2025-Desarrollo-Seguro/services/backend/src/utils/jwt.ts","statementMap":{"0":{"start":{"line":1,"column":0},"end":{"line":1,"column":31}},"1":{"start":{"line":4,"column":22},"end":{"line":11,"column":1}},"2":{"start":{"line":5,"column":20},"end":{"line":5,"column":68}},"3":{"start":{"line":6,"column":2},"end":{"line":10,"column":4}},"4":{"start":{"line":13,"column":20},"end":{"line":15,"column":1}},"5":{"start":{"line":14,"column":2},"end":{"line":14,"column":51}},"6":{"start":{"line":17,"column":0},"end":{"line":20,"column":null}}},"fnMap":{"0":{"name":"(anonymous_1)","decl":{"start":{"line":4,"column":22},"end":{"line":4,"column":23}},"loc":{"start":{"line":4,"column":41},"end":{"line":11,"column":1}}},"1":{"name":"(anonymous_2)","decl":{"start":{"line":13,"column":20},"end":{"line":13,"column":21}},"loc":{"start":{"line":13,"column":38},"end":{"line":15,"column":1}}}},"branchMap":{"0":{"loc":{"start":{"line":5,"column":20},"end":{"line":5,"column":68}},"type":"binary-expr","locations":[{"start":{"line":5,"column":20},"end":{"line":5,"column":42}},{"start":{"line":5,"column":46},"end":{"line":5,"column":68}}]}},"s":{"0":1,"1":1,"2":0,"3":0,"4":1,"5":0,"6":1},"f":{"0":0,"1":0},"b":{"0":[0,0]}}
}
