TN:
SF:src/db.ts
FNF:0
FNH:0
DA:1,4
DA:2,4
DA:4,4
DA:6,4
LF:4
LH:4
BRF:0
BRH:0
end_of_record
TN:
SF:src/knexfile.ts
FNF:0
FNH:0
DA:3,4
DA:5,4
DA:7,4
DA:26,4
LF:4
LH:4
BRDA:11,0,0,4
BRDA:11,0,1,4
BRDA:12,1,0,4
BRDA:12,1,1,4
BRDA:13,2,0,4
BRDA:13,2,1,4
BRDA:14,3,0,4
BRDA:14,3,1,4
BRDA:15,4,0,4
BRDA:15,4,1,4
BRF:10
BRH:10
end_of_record
TN:
SF:src/controllers/authController.ts
FN:6,(anonymous_1)
FN:15,(anonymous_2)
FN:26,(anonymous_3)
FN:37,(anonymous_4)
FN:47,(anonymous_5)
FN:57,(anonymous_6)
FN:74,(anonymous_7)
FNF:7
FNH:5
FNDA:0,(anonymous_1)
FNDA:2,(anonymous_2)
FNDA:2,(anonymous_3)
FNDA:2,(anonymous_4)
FNDA:2,(anonymous_5)
FNDA:2,(anonymous_6)
FNDA:0,(anonymous_7)
DA:2,2
DA:6,2
DA:7,0
DA:8,0
DA:9,0
DA:11,0
DA:15,2
DA:16,2
DA:17,2
DA:18,2
DA:19,1
DA:20,1
DA:22,1
DA:26,2
DA:27,2
DA:28,2
DA:29,2
DA:31,1
DA:33,1
DA:37,2
DA:38,2
DA:39,2
DA:40,2
DA:41,1
DA:43,1
DA:47,2
DA:48,2
DA:49,2
DA:50,2
DA:51,1
DA:53,1
DA:57,2
DA:58,2
DA:59,2
DA:60,2
DA:67,2
DA:68,1
DA:70,1
DA:74,2
DA:75,0
DA:76,0
DA:77,0
DA:78,0
DA:85,0
DA:86,0
DA:88,0
DA:147,2
LF:47
LH:36
BRF:0
BRH:0
end_of_record
TN:
SF:src/routes/auth.routes.ts
FNF:0
FNH:0
DA:1,1
DA:2,1
DA:4,1
DA:6,1
DA:8,1
DA:11,1
DA:14,1
DA:17,1
DA:20,1
LF:9
LH:9
BRF:0
BRH:0
end_of_record
TN:
SF:src/routes/user.routes.ts
FNF:0
FNH:0
DA:1,1
DA:2,1
DA:4,1
DA:8,1
DA:12,1
DA:22,1
LF:6
LH:6
BRF:0
BRH:0
end_of_record
TN:
SF:src/services/authService.ts
FN:14,(anonymous_1)
FN:62,(anonymous_2)
FN:79,(anonymous_3)
FN:89,(anonymous_4)
FN:124,(anonymous_5)
FN:140,(anonymous_6)
FN:156,(anonymous_7)
FNF:7
FNH:7
FNDA:2,(anonymous_1)
FNDA:2,(anonymous_2)
FNDA:3,(anonymous_3)
FNDA:2,(anonymous_4)
FNDA:2,(anonymous_5)
FNDA:2,(anonymous_6)
FNDA:1,(anonymous_7)
DA:2,3
DA:3,3
DA:4,3
DA:6,3
DA:7,3
DA:9,3
DA:10,3
DA:15,2
DA:19,2
DA:21,1
DA:22,1
DA:23,1
DA:35,1
DA:43,1
DA:45,1
DA:52,1
DA:54,1
DA:63,2
DA:66,2
DA:67,1
DA:76,1
DA:80,3
DA:84,3
DA:85,2
DA:86,1
DA:90,2
DA:94,2
DA:96,1
DA:97,1
DA:99,1
DA:107,1
DA:116,1
DA:117,1
DA:125,2
DA:129,2
DA:131,1
DA:141,2
DA:145,2
DA:147,1
DA:157,1
DA:161,3
LF:41
LH:41
BRDA:19,0,0,1
BRDA:19,0,1,1
BRDA:66,1,0,1
BRDA:66,1,1,1
BRDA:84,2,0,1
BRDA:84,2,1,2
BRDA:85,3,0,1
BRDA:85,3,1,1
BRDA:94,4,0,1
BRDA:94,4,1,1
BRDA:109,5,0,1
BRDA:109,5,1,1
BRDA:129,6,0,1
BRDA:129,6,1,1
BRDA:145,7,0,1
BRDA:145,7,1,1
BRF:16
BRH:16
end_of_record
TN:
SF:src/services/invoiceService.ts
FN:30,(anonymous_1)
FN:52,(anonymous_2)
FN:64,(anonymous_3)
FN:89,(anonymous_4)
FN:98,(anonymous_5)
FNF:5
FNH:2
FNDA:3,(anonymous_1)
FNDA:2,(anonymous_2)
FNDA:0,(anonymous_3)
FNDA:0,(anonymous_4)
FNDA:0,(anonymous_5)
DA:2,1
DA:4,1
DA:5,1
DA:31,3
DA:33,3
DA:35,2
DA:36,2
DA:37,2
DA:41,0
DA:42,0
DA:43,0
DA:47,0
DA:50,1
DA:51,1
DA:53,2
DA:61,1
DA:75,0
DA:80,0
DA:81,0
DA:85,0
DA:90,0
DA:91,0
DA:92,0
DA:94,0
DA:103,0
DA:104,0
DA:105,0
DA:107,0
DA:108,0
DA:109,0
DA:110,0
DA:113,0
DA:114,0
DA:122,1
LF:34
LH:13
BRDA:33,0,0,2
BRDA:33,0,1,1
BRDA:33,1,0,3
BRDA:33,1,1,2
BRDA:36,2,0,2
BRDA:36,2,1,0
BRDA:42,3,0,0
BRDA:42,3,1,0
BRDA:80,4,0,0
BRDA:80,4,1,0
BRDA:91,5,0,0
BRDA:91,5,1,0
BRDA:104,6,0,0
BRDA:104,6,1,0
BRF:14
BRH:5
end_of_record
TN:
SF:src/utils/jwt.ts
FN:3,(anonymous_1)
FN:11,(anonymous_2)
FNF:2
FNH:1
FNDA:2,(anonymous_1)
FNDA:0,(anonymous_2)
DA:1,4
DA:3,4
DA:4,2
DA:11,4
DA:12,0
DA:15,4
LF:6
LH:5
BRF:0
BRH:0
end_of_record
